#
# A fatal error has been detected by the Java Runtime Environment:
#
#  SIGSEGV (0xb) at pc=0x0000000105d8635f, pid=4824, tid=4867
#
# JRE version: Java(TM) SE Runtime Environment (8.0_25-b17) (build 1.8.0_25-b17)
# Java VM: Java HotSpot(TM) 64-Bit Server VM (25.25-b02 mixed mode bsd-amd64 compressed oops)
# Problematic frame:
# V  [libjvm.dylib+0x18635f]
#
# Failed to write core dump. Core dumps have been disabled. To enable core dumping, try "ulimit -c unlimited" before starting Java again
#
# If you would like to submit a bug report, please visit:
#   http://bugreport.sun.com/bugreport/crash.jsp
#

---------------  T H R E A D  ---------------

Current thread (0x00007fb2b3000000):  JavaThread "main" [_thread_in_vm, id=4867, stack(0x0000000104a3f000,0x0000000104b3f000)]

siginfo: si_signo: 11 (SIGSEGV), si_code: 1 (SEGV_MAPERR), si_addr: 0x0000000000000008

Registers:
RAX=0x0000000000000000, RBX=0x00007fb2b1e68b70, RCX=0x000000010649e003, RDX=0x00000001063f1dd0
RSP=0x0000000104b3e160, RBP=0x0000000104b3e180, RSI=0x00000007c0009870, RDI=0x0000000104b3e160
R8 =0x00007fb2b3000000, R9 =0x00007fb2b3000000, R10=0x00000007c001f948, R11=0x0000000000000210
R12=0x00007fb2b1e68b70, R13=0x0000000126296500, R14=0x0000000000000000, R15=0x0000000000000004
RIP=0x0000000105d8635f, EFLAGS=0x0000000000010202, ERR=0x0000000000000004
  TRAPNO=0x000000000000000e

Top of Stack: (sp=0x0000000104b3e160)
0x0000000104b3e160:   0000000000000000 00007fb2b3000000
0x0000000104b3e170:   0000000000000000 0000000000000004
0x0000000104b3e180:   0000000104b3e1c0 000000010601e64e
0x0000000104b3e190:   0000000eb3000000 00007fb2b3000000
0x0000000104b3e1a0:   00007fb2b1e68b70 0000000126296500
0x0000000104b3e1b0:   0000000126296550 00007fb2b3000000
0x0000000104b3e1c0:   0000000104b3e1e0 0000000106027fbe
0x0000000104b3e1d0:   00007fb2b3000000 00007fb2b3000000
0x0000000104b3e1e0:   0000000104b3e220 0000000106024feb
0x0000000104b3e1f0:   0000000104b3e230 0000000126296550
0x0000000104b3e200:   00007fb2b3000000 0000000000000000
0x0000000104b3e210:   0000000104b3e2c0 00007fb2b3000000
0x0000000104b3e220:   0000000104b3e250 0000000105ecd8af
0x0000000104b3e230:   00007fb2b3000000 00007fb2b3000000
0x0000000104b3e240:   0000000126296550 0000000104b3e2c0
0x0000000104b3e250:   0000000104b3e2a8 0000000106b2cb07
0x0000000104b3e260:   0000000106b2cac2 0000000104b3e268
0x0000000104b3e270:   0000000126296500 0000000104b3e2c0
0x0000000104b3e280:   00000001262965a8 0000000000000000
0x0000000104b3e290:   0000000126296550 0000000000000000
0x0000000104b3e2a0:   0000000104b3e2d0 0000000104b3e410
0x0000000104b3e2b0:   0000000106ee1a0c 0000000000000000
0x0000000104b3e2c0:   000000076e223aa8 0000000106ee1a0c
0x0000000104b3e2d0:   0000000104b3e300 0000000105f219da
0x0000000104b3e2e0:   00007fb2b3000000 00007fb2b3000000
0x0000000104b3e2f0:   0000000000001108 0000000104b3e340
0x0000000104b3e300:   0000000104b3e410 000000010700dc44
0x0000000104b3e310:   000000076d335308 0000000106030005
0x0000000104b3e320:   0000000104b3e3a8 0000000106b34e30
0x0000000104b3e330:   0000000104b3e350 0000000105d3d368
0x0000000104b3e340:   00000006c0002528 00007fb2b3000000
0x0000000104b3e350:   0000000104b3e410 0000000106e5e65c 

Instructions: (pc=0x0000000105d8635f)
0x0000000105d8633f:   80 38 00 48 8b 03 48 8d 0d a4 7d 71 00 48 8b b1
0x0000000105d8634f:   50 01 00 00 74 15 48 8d 15 74 ba 66 00 8a 4a 08
0x0000000105d8635f:   8b 78 08 48 d3 e7 48 03 3a eb 04 48 8b 78 08 e8
0x0000000105d8636f:   59 03 2a 00 41 88 c7 bf 20 00 00 00 31 f6 e8 70 

Register to memory mapping:

RAX=0x0000000000000000 is an unknown value
RBX=0x00007fb2b1e68b70 is an unknown value
RCX=0x000000010649e003: _ZN14NMethodSweeper28_total_nof_code_cache_sweepsE+0x3 in /Library/Java/JavaVirtualMachines/jdk1.8.0_25.jdk/Contents/Home/jre/lib/server/libjvm.dylib at 0x0000000105c00000
RDX=0x00000001063f1dd0: _ZN8Universe13_narrow_klassE+0 in /Library/Java/JavaVirtualMachines/jdk1.8.0_25.jdk/Contents/Home/jre/lib/server/libjvm.dylib at 0x0000000105c00000
RSP=0x0000000104b3e160 is pointing into the stack for thread: 0x00007fb2b3000000
RBP=0x0000000104b3e180 is pointing into the stack for thread: 0x00007fb2b3000000
RSI=0x00000007c0009870 is pointing into metadata
RDI=0x0000000104b3e160 is pointing into the stack for thread: 0x00007fb2b3000000
R8 =0x00007fb2b3000000 is a thread
R9 =0x00007fb2b3000000 is a thread
R10=0x00000007c001f948 is pointing into metadata
R11=0x0000000000000210 is an unknown value
R12=0x00007fb2b1e68b70 is an unknown value
R13=0x0000000126296500 is pointing into metadata
R14=0x0000000000000000 is an unknown value
R15=0x0000000000000004 is an unknown value


Stack: [0x0000000104a3f000,0x0000000104b3f000],  sp=0x0000000104b3e160,  free space=1020k
Native frames: (J=compiled Java code, j=interpreted, Vv=VM code, C=native code)
V  [libjvm.dylib+0x18635f]
V  [libjvm.dylib+0x41e64e]
V  [libjvm.dylib+0x427fbe]
V  [libjvm.dylib+0x424feb]
V  [libjvm.dylib+0x2cd8af]
j  sun.reflect.GeneratedConstructorAccessor14.newInstance([Ljava/lang/Object;)Ljava/lang/Object;+0
J 1105 C1 sun.reflect.DelegatingConstructorAccessorImpl.newInstance([Ljava/lang/Object;)Ljava/lang/Object; (9 bytes) @ 0x0000000106ee1a0c [0x0000000106ee1900+0x10c]
J 1411 C1 java.lang.reflect.Constructor.newInstance([Ljava/lang/Object;)Ljava/lang/Object; (87 bytes) @ 0x000000010700dc44 [0x000000010700d780+0x4c4]
j  java.lang.Class.newInstance()Ljava/lang/Object;+138
j  com.sun.jna.Structure.newInstance(Ljava/lang/Class;)Lcom/sun/jna/Structure;+1
j  com.sun.jna.Structure.newInstance(Ljava/lang/Class;Lcom/sun/jna/Pointer;)Lcom/sun/jna/Structure;+145
j  com.sun.jna.Structure.initializeField(Ljava/lang/reflect/Field;Ljava/lang/Class;)Ljava/lang/Object;+24
j  com.sun.jna.Structure.initializeFields()V+49
j  com.sun.jna.Structure.<init>(Lcom/sun/jna/Pointer;ILcom/sun/jna/TypeMapper;)V+75
j  com.sun.jna.Structure.<init>(Lcom/sun/jna/Pointer;I)V+4
j  com.sun.jna.Structure.<init>(I)V+3
j  com.sun.jna.Structure.<init>()V+2
j  org.pcap4j.core.NativeMappings$pcap_pkthdr.<init>()V+1
j  org.pcap4j.core.PcapHandle.getNextRawPacket()[B+19
j  org.pcap4j.core.PcapHandle.getNextPacket()Lorg/pcap4j/packet/Packet;+1
j  com.houseguard.HouseGuardApplication.main([Ljava/lang/String;)V+178
v  ~StubRoutines::call_stub
V  [libjvm.dylib+0x2d4516]
V  [libjvm.dylib+0x30958b]
V  [libjvm.dylib+0x302785]
C  [java+0x2c82]  JavaMain+0x998
C  [libsystem_pthread.dylib+0x405a]  _pthread_body+0x83
C  [libsystem_pthread.dylib+0x3fd7]  _pthread_body+0x0
C  [libsystem_pthread.dylib+0x13ed]  thread_start+0xd
C  0x0000000000000000

Java frames: (J=compiled Java code, j=interpreted, Vv=VM code)
j  sun.reflect.GeneratedConstructorAccessor14.newInstance([Ljava/lang/Object;)Ljava/lang/Object;+0
J 1105 C1 sun.reflect.DelegatingConstructorAccessorImpl.newInstance([Ljava/lang/Object;)Ljava/lang/Object; (9 bytes) @ 0x0000000106ee1a0c [0x0000000106ee1900+0x10c]
J 1411 C1 java.lang.reflect.Constructor.newInstance([Ljava/lang/Object;)Ljava/lang/Object; (87 bytes) @ 0x000000010700dc44 [0x000000010700d780+0x4c4]
j  java.lang.Class.newInstance()Ljava/lang/Object;+138
j  com.sun.jna.Structure.newInstance(Ljava/lang/Class;)Lcom/sun/jna/Structure;+1
j  com.sun.jna.Structure.newInstance(Ljava/lang/Class;Lcom/sun/jna/Pointer;)Lcom/sun/jna/Structure;+145
j  com.sun.jna.Structure.initializeField(Ljava/lang/reflect/Field;Ljava/lang/Class;)Ljava/lang/Object;+24
j  com.sun.jna.Structure.initializeFields()V+49
j  com.sun.jna.Structure.<init>(Lcom/sun/jna/Pointer;ILcom/sun/jna/TypeMapper;)V+75
j  com.sun.jna.Structure.<init>(Lcom/sun/jna/Pointer;I)V+4
j  com.sun.jna.Structure.<init>(I)V+3
j  com.sun.jna.Structure.<init>()V+2
j  org.pcap4j.core.NativeMappings$pcap_pkthdr.<init>()V+1
j  org.pcap4j.core.PcapHandle.getNextRawPacket()[B+19
j  org.pcap4j.core.PcapHandle.getNextPacket()Lorg/pcap4j/packet/Packet;+1
j  com.houseguard.HouseGuardApplication.main([Ljava/lang/String;)V+178
v  ~StubRoutines::call_stub

---------------  P R O C E S S  ---------------

Java Threads: ( => current thread )
  0x00007fb2b28ed800 JavaThread "RMI TCP Accept-0" daemon [_thread_in_native, id=23559, stack(0x000000012496f000,0x0000000124a6f000)]
  0x00007fb2b28cc800 JavaThread "RMI TCP Accept-13363" daemon [_thread_in_native, id=21763, stack(0x0000000124833000,0x0000000124933000)]
  0x00007fb2b30ee800 JavaThread "RMI TCP Accept-0" daemon [_thread_in_native, id=21251, stack(0x0000000124730000,0x0000000124830000)]
  0x00007fb2b281e000 JavaThread "Service Thread" daemon [_thread_blocked, id=20739, stack(0x00000001244bb000,0x00000001245bb000)]
  0x00007fb2b5816000 JavaThread "C1 CompilerThread3" daemon [_thread_blocked, id=20227, stack(0x00000001243b8000,0x00000001244b8000)]
  0x00007fb2b2801000 JavaThread "C2 CompilerThread2" daemon [_thread_in_native, id=19715, stack(0x00000001242b5000,0x00000001243b5000)]
  0x00007fb2b400b800 JavaThread "C2 CompilerThread1" daemon [_thread_blocked, id=19203, stack(0x00000001241b2000,0x00000001242b2000)]
  0x00007fb2b2017000 JavaThread "C2 CompilerThread0" daemon [_thread_blocked, id=18691, stack(0x00000001240af000,0x00000001241af000)]
  0x00007fb2b6000000 JavaThread "Signal Dispatcher" daemon [_thread_blocked, id=14859, stack(0x0000000123fac000,0x00000001240ac000)]
  0x00007fb2b3063000 JavaThread "Finalizer" daemon [_thread_blocked, id=13571, stack(0x000000012259d000,0x000000012269d000)]
  0x00007fb2b3062800 JavaThread "Reference Handler" daemon [_thread_blocked, id=13059, stack(0x000000012249a000,0x000000012259a000)]
=>0x00007fb2b3000000 JavaThread "main" [_thread_in_vm, id=4867, stack(0x0000000104a3f000,0x0000000104b3f000)]

Other Threads:
  0x00007fb2b305d800 VMThread [stack: 0x0000000122397000,0x0000000122497000] [id=12547]
  0x00007fb2b28ec800 WatcherThread [stack: 0x0000000124a72000,0x0000000124b72000] [id=23811]

VM state:not at safepoint (normal execution)

VM Mutex/Monitor currently owned by a thread: None

Heap:
 PSYoungGen      total 76288K, used 64307K [0x000000076ab00000, 0x0000000770000000, 0x00000007c0000000)
  eden space 65536K, 86% used [0x000000076ab00000,0x000000076e25db90,0x000000076eb00000)
  from space 10752K, 70% used [0x000000076eb00000,0x000000076f26f338,0x000000076f580000)
  to   space 10752K, 0% used [0x000000076f580000,0x000000076f580000,0x0000000770000000)
 ParOldGen       total 175104K, used 16K [0x00000006c0000000, 0x00000006cab00000, 0x000000076ab00000)
  object space 175104K, 0% used [0x00000006c0000000,0x00000006c0004000,0x00000006cab00000)
 Metaspace       used 16364K, capacity 16472K, committed 16768K, reserved 1064960K
  class space    used 2019K, capacity 2058K, committed 2176K, reserved 1048576K

Card table byte_map: [0x0000000115edc000,0x00000001166dd000] byte_map_base: 0x00000001128dc000

Marking Bits: (ParMarkBitMap*) 0x000000010649d390
 Begin Bits: [0x000000011744b000, 0x000000011b44b000)
 End Bits:   [0x000000011b44b000, 0x000000011f44b000)

Polling page: 0x0000000104b83000

CodeCache: size=245760Kb used=6835Kb max_used=6847Kb free=238925Kb
 bounds [0x0000000106b1c000, 0x00000001071dc000, 0x0000000115b1c000]
 total_blobs=2309 nmethods=1953 adapters=270
 compilation: enabled

Compilation events (10 events):
Event: 11.290 Thread 0x00007fb2b2017000 1951       4       java.lang.AbstractStringBuilder::append (54 bytes)
Event: 11.291 Thread 0x00007fb2b5816000 1953       3       java.io.BufferedWriter::ensureOpen (18 bytes)
Event: 11.291 Thread 0x00007fb2b5816000 nmethod 1953 0x00000001071c1d90 code [0x00000001071c1f00, 0x00000001071c2128]
Event: 11.291 Thread 0x00007fb2b5816000 1955       3       java.io.BufferedOutputStream::flushBuffer (29 bytes)
Event: 11.291 Thread 0x00007fb2b5816000 nmethod 1955 0x00000001071cb1d0 code [0x00000001071cb340, 0x00000001071cb5c8]
Event: 11.291 Thread 0x00007fb2b5816000 1954       1       sun.nio.cs.StreamEncoder::isOpen (5 bytes)
Event: 11.291 Thread 0x00007fb2b400b800 nmethod 1950 0x00000001071caed0 code [0x00000001071cb020, 0x00000001071cb0f8]
Event: 11.291 Thread 0x00007fb2b400b800 1952       4       java.util.ArrayList::toArray (60 bytes)
Event: 11.291 Thread 0x00007fb2b5816000 nmethod 1954 0x00000001071c0f50 code [0x00000001071c10a0, 0x00000001071c11b0]
Event: 11.291 Thread 0x00007fb2b5816000 1956       3       java.io.OutputStream::flush (1 bytes)

GC Heap History (2 events):
Event: 0.732 GC heap before
{Heap before GC invocations=1 (full 0):
 PSYoungGen      total 76288K, used 65536K [0x000000076ab00000, 0x0000000770000000, 0x00000007c0000000)
  eden space 65536K, 100% used [0x000000076ab00000,0x000000076eb00000,0x000000076eb00000)
  from space 10752K, 0% used [0x000000076f580000,0x000000076f580000,0x0000000770000000)
  to   space 10752K, 0% used [0x000000076eb00000,0x000000076eb00000,0x000000076f580000)
 ParOldGen       total 175104K, used 0K [0x00000006c0000000, 0x00000006cab00000, 0x000000076ab00000)
  object space 175104K, 0% used [0x00000006c0000000,0x00000006c0000000,0x00000006cab00000)
 Metaspace       used 12749K, capacity 12892K, committed 13184K, reserved 1060864K
  class space    used 1573K, capacity 1600K, committed 1664K, reserved 1048576K
Event: 0.739 GC heap after
Heap after GC invocations=1 (full 0):
 PSYoungGen      total 76288K, used 7612K [0x000000076ab00000, 0x0000000770000000, 0x00000007c0000000)
  eden space 65536K, 0% used [0x000000076ab00000,0x000000076ab00000,0x000000076eb00000)
  from space 10752K, 70% used [0x000000076eb00000,0x000000076f26f338,0x000000076f580000)
  to   space 10752K, 0% used [0x000000076f580000,0x000000076f580000,0x0000000770000000)
 ParOldGen       total 175104K, used 16K [0x00000006c0000000, 0x00000006cab00000, 0x000000076ab00000)
  object space 175104K, 0% used [0x00000006c0000000,0x00000006c0004000,0x00000006cab00000)
 Metaspace       used 12749K, capacity 12892K, committed 13184K, reserved 1060864K
  class space    used 1573K, capacity 1600K, committed 1664K, reserved 1048576K
}

Deoptimization events (10 events):
Event: 0.757 Thread 0x00007fb2b3000000 Uncommon trap: reason=unreached action=reinterpret pc=0x0000000106d46e5c method=java.lang.AbstractStringBuilder.append(Ljava/lang/String;)Ljava/lang/AbstractStringBuilder; @ 1
Event: 0.757 Thread 0x00007fb2b3000000 Uncommon trap: reason=unreached action=reinterpret pc=0x0000000106d3239c method=java.lang.AbstractStringBuilder.append(Ljava/lang/String;)Ljava/lang/AbstractStringBuilder; @ 1
Event: 0.758 Thread 0x00007fb2b3000000 Uncommon trap: reason=class_check action=maybe_recompile pc=0x0000000106f6c384 method=java.util.AbstractCollection.isEmpty()Z @ 1
Event: 0.758 Thread 0x00007fb2b3000000 Uncommon trap: reason=class_check action=maybe_recompile pc=0x0000000106f6c384 method=java.util.AbstractCollection.isEmpty()Z @ 1
Event: 0.758 Thread 0x00007fb2b3000000 Uncommon trap: reason=class_check action=maybe_recompile pc=0x0000000106f6c384 method=java.util.AbstractCollection.isEmpty()Z @ 1
Event: 0.758 Thread 0x00007fb2b3000000 Uncommon trap: reason=class_check action=maybe_recompile pc=0x0000000106f6c384 method=java.util.AbstractCollection.isEmpty()Z @ 1
Event: 0.805 Thread 0x00007fb2b3000000 Uncommon trap: reason=predicate action=maybe_recompile pc=0x0000000106ffbb8c method=org.springframework.core.type.classreading.AnnotationReadingVisitorUtils.convertClassValues(Ljava/lang/ClassLoader;Lorg/springframework/core/annotation/AnnotationAttribute
Event: 0.991 Thread 0x00007fb2b3000000 Uncommon trap: reason=class_check action=maybe_recompile pc=0x0000000106e50d48 method=java.util.HashMap.putVal(ILjava/lang/Object;Ljava/lang/Object;ZZ)Ljava/lang/Object; @ 203
Event: 1.069 Thread 0x00007fb2b3000000 Uncommon trap: reason=class_check action=maybe_recompile pc=0x0000000106e2d79c method=java.util.regex.Matcher.search(I)Z @ 86
Event: 1.069 Thread 0x00007fb2b3000000 Uncommon trap: reason=class_check action=maybe_recompile pc=0x0000000106e2d79c method=java.util.regex.Matcher.search(I)Z @ 86

Internal exceptions (10 events):
Event: 11.171 Thread 0x00007fb2b3000000 Exception <a 'java/security/PrivilegedActionException'> (0x000000076da321d0) thrown at [/HUDSON3/workspace/8-2-build-macosx-x86_64/jdk8u25/1514/hotspot/src/share/vm/prims/jvm.cpp, line 1312]
Event: 11.203 Thread 0x00007fb2b3000000 Exception <a 'java/security/PrivilegedActionException'> (0x000000076da60680) thrown at [/HUDSON3/workspace/8-2-build-macosx-x86_64/jdk8u25/1514/hotspot/src/share/vm/prims/jvm.cpp, line 1312]
Event: 11.204 Thread 0x00007fb2b3000000 Exception <a 'java/security/PrivilegedActionException'> (0x000000076da67398) thrown at [/HUDSON3/workspace/8-2-build-macosx-x86_64/jdk8u25/1514/hotspot/src/share/vm/prims/jvm.cpp, line 1312]
Event: 11.205 Thread 0x00007fb2b3000000 Exception <a 'java/security/PrivilegedActionException'> (0x000000076da70100) thrown at [/HUDSON3/workspace/8-2-build-macosx-x86_64/jdk8u25/1514/hotspot/src/share/vm/prims/jvm.cpp, line 1312]
Event: 11.205 Thread 0x00007fb2b3000000 Exception <a 'java/security/PrivilegedActionException'> (0x000000076da76568) thrown at [/HUDSON3/workspace/8-2-build-macosx-x86_64/jdk8u25/1514/hotspot/src/share/vm/prims/jvm.cpp, line 1312]
Event: 11.205 Thread 0x00007fb2b3000000 Exception <a 'java/security/PrivilegedActionException'> (0x000000076da7d118) thrown at [/HUDSON3/workspace/8-2-build-macosx-x86_64/jdk8u25/1514/hotspot/src/share/vm/prims/jvm.cpp, line 1312]
Event: 11.205 Thread 0x00007fb2b3000000 Exception <a 'java/security/PrivilegedActionException'> (0x000000076da83200) thrown at [/HUDSON3/workspace/8-2-build-macosx-x86_64/jdk8u25/1514/hotspot/src/share/vm/prims/jvm.cpp, line 1312]
Event: 11.206 Thread 0x00007fb2b3000000 Exception <a 'java/security/PrivilegedActionException'> (0x000000076da8a788) thrown at [/HUDSON3/workspace/8-2-build-macosx-x86_64/jdk8u25/1514/hotspot/src/share/vm/prims/jvm.cpp, line 1312]
Event: 11.256 Thread 0x00007fb2b3000000 Exception <a 'java/security/PrivilegedActionException'> (0x000000076e1e5a80) thrown at [/HUDSON3/workspace/8-2-build-macosx-x86_64/jdk8u25/1514/hotspot/src/share/vm/prims/jvm.cpp, line 1312]
Event: 11.257 Thread 0x00007fb2b3000000 Exception <a 'java/security/PrivilegedActionException'> (0x000000076e1ee708) thrown at [/HUDSON3/workspace/8-2-build-macosx-x86_64/jdk8u25/1514/hotspot/src/share/vm/prims/jvm.cpp, line 1312]

Events (10 events):
Event: 11.205 loading class org/pcap4j/packet/SimplePacket$Builder
Event: 11.205 loading class org/pcap4j/packet/SimplePacket$Builder done
Event: 11.205 loading class org/pcap4j/packet/AbstractPacket$AbstractBuilder
Event: 11.205 loading class org/pcap4j/packet/AbstractPacket$AbstractBuilder done
Event: 11.206 loading class org/pcap4j/packet/UnknownPacket$Builder
Event: 11.206 loading class org/pcap4j/packet/UnknownPacket$Builder done
Event: 11.256 loading class org/pcap4j/packet/UdpPacket
Event: 11.256 loading class org/pcap4j/packet/UdpPacket done
Event: 11.257 loading class org/pcap4j/packet/UdpPacket$UdpHeader
Event: 11.257 loading class org/pcap4j/packet/UdpPacket$UdpHeader done


Dynamic libraries:
0x000000000ba37000 	/System/Library/Frameworks/Cocoa.framework/Versions/A/Cocoa
0x000000000ba37000 	/System/Library/Frameworks/Security.framework/Versions/A/Security
0x000000000ba37000 	/System/Library/Frameworks/ApplicationServices.framework/Versions/A/ApplicationServices
0x000000000ba37000 	/usr/lib/libz.1.dylib
0x000000000ba37000 	/usr/lib/libSystem.B.dylib
0x000000000ba37000 	/usr/lib/libobjc.A.dylib
0x000000000ba37000 	/System/Library/Frameworks/CoreFoundation.framework/Versions/A/CoreFoundation
0x000000000ba37000 	/System/Library/Frameworks/Foundation.framework/Versions/C/Foundation
0x000000000ba37000 	/System/Library/Frameworks/AppKit.framework/Versions/C/AppKit
0x000000000ba37000 	/System/Library/Frameworks/CoreData.framework/Versions/A/CoreData
0x000000000ba37000 	/System/Library/PrivateFrameworks/RemoteViewServices.framework/Versions/A/RemoteViewServices
0x000000000ba37000 	/System/Library/PrivateFrameworks/UIFoundation.framework/Versions/A/UIFoundation
0x000000000ba37000 	/System/Library/Frameworks/IOSurface.framework/Versions/A/IOSurface
0x000000000ba37000 	/System/Library/Frameworks/AudioToolbox.framework/Versions/A/AudioToolbox
0x000000000ba37000 	/System/Library/Frameworks/AudioUnit.framework/Versions/A/AudioUnit
0x000000000ba37000 	/System/Library/PrivateFrameworks/DataDetectorsCore.framework/Versions/A/DataDetectorsCore
0x000000000ba37000 	/System/Library/PrivateFrameworks/DesktopServicesPriv.framework/Versions/A/DesktopServicesPriv
0x000000000ba37000 	/System/Library/Frameworks/Carbon.framework/Versions/A/Frameworks/HIToolbox.framework/Versions/A/HIToolbox
0x000000000ba37000 	/System/Library/Frameworks/QuartzCore.framework/Versions/A/QuartzCore
0x000000000ba37000 	/System/Library/Frameworks/Carbon.framework/Versions/A/Frameworks/SpeechRecognition.framework/Versions/A/SpeechRecognition
0x000000000ba37000 	/usr/lib/libauto.dylib
0x000000000ba37000 	/usr/lib/libicucore.A.dylib
0x000000000ba37000 	/usr/lib/libxml2.2.dylib
0x000000000ba37000 	/System/Library/PrivateFrameworks/CoreUI.framework/Versions/A/CoreUI
0x000000000ba37000 	/System/Library/Frameworks/CoreAudio.framework/Versions/A/CoreAudio
0x000000000ba37000 	/System/Library/Frameworks/DiskArbitration.framework/Versions/A/DiskArbitration
0x000000000ba37000 	/usr/lib/liblangid.dylib
0x000000000ba37000 	/System/Library/PrivateFrameworks/MultitouchSupport.framework/Versions/A/MultitouchSupport
0x000000000ba37000 	/System/Library/Frameworks/IOKit.framework/Versions/A/IOKit
0x000000000ba37000 	/usr/lib/libDiagnosticMessagesClient.dylib
0x000000000ba37000 	/System/Library/Frameworks/CoreServices.framework/Versions/A/CoreServices
0x000000000ba37000 	/System/Library/PrivateFrameworks/PerformanceAnalysis.framework/Versions/A/PerformanceAnalysis
0x000000000ba37000 	/System/Library/PrivateFrameworks/GenerationalStorage.framework/Versions/A/GenerationalStorage
0x000000000ba37000 	/System/Library/Frameworks/OpenGL.framework/Versions/A/OpenGL
0x000000000ba37000 	/System/Library/PrivateFrameworks/Sharing.framework/Versions/A/Sharing
0x000000000ba37000 	/System/Library/Frameworks/CoreGraphics.framework/Versions/A/CoreGraphics
0x000000000ba37000 	/System/Library/Frameworks/CoreText.framework/Versions/A/CoreText
0x000000000ba37000 	/System/Library/Frameworks/ImageIO.framework/Versions/A/ImageIO
0x000000000ba37000 	/usr/lib/libextension.dylib
0x000000000ba37000 	/System/Library/PrivateFrameworks/Backup.framework/Versions/A/Backup
0x000000000ba37000 	/usr/lib/libarchive.2.dylib
0x000000000ba37000 	/System/Library/Frameworks/CFNetwork.framework/Versions/A/CFNetwork
0x000000000ba37000 	/System/Library/Frameworks/SystemConfiguration.framework/Versions/A/SystemConfiguration
0x000000000ba37000 	/usr/lib/libCRFSuite.dylib
0x000000000ba37000 	/usr/lib/libc++.1.dylib
0x000000000ba37000 	/usr/lib/libc++abi.dylib
0x000000000ba37000 	/usr/lib/system/libcache.dylib
0x000000000ba37000 	/usr/lib/system/libcommonCrypto.dylib
0x000000000ba37000 	/usr/lib/system/libcompiler_rt.dylib
0x000000000ba37000 	/usr/lib/system/libcopyfile.dylib
0x000000000ba37000 	/usr/lib/system/libcorecrypto.dylib
0x000000000ba37000 	/usr/lib/system/libdispatch.dylib
0x000000000ba37000 	/usr/lib/system/libdyld.dylib
0x000000000ba37000 	/usr/lib/system/libkeymgr.dylib
0x000000000ba37000 	/usr/lib/system/liblaunch.dylib
0x000000000ba37000 	/usr/lib/system/libmacho.dylib
0x000000000ba37000 	/usr/lib/system/libquarantine.dylib
0x000000000ba37000 	/usr/lib/system/libremovefile.dylib
0x000000000ba37000 	/usr/lib/system/libsystem_asl.dylib
0x000000000ba37000 	/usr/lib/system/libsystem_blocks.dylib
0x000000000ba37000 	/usr/lib/system/libsystem_c.dylib
0x000000000ba37000 	/usr/lib/system/libsystem_configuration.dylib
0x000000000ba37000 	/usr/lib/system/libsystem_coreservices.dylib
0x000000000ba37000 	/usr/lib/system/libsystem_coretls.dylib
0x000000000ba37000 	/usr/lib/system/libsystem_dnssd.dylib
0x000000000ba37000 	/usr/lib/system/libsystem_info.dylib
0x000000000ba37000 	/usr/lib/system/libsystem_kernel.dylib
0x000000000ba37000 	/usr/lib/system/libsystem_m.dylib
0x000000000ba37000 	/usr/lib/system/libsystem_malloc.dylib
0x000000000ba37000 	/usr/lib/system/libsystem_network.dylib
0x000000000ba37000 	/usr/lib/system/libsystem_networkextension.dylib
0x000000000ba37000 	/usr/lib/system/libsystem_notify.dylib
0x000000000ba37000 	/usr/lib/system/libsystem_platform.dylib
0x000000000ba37000 	/usr/lib/system/libsystem_pthread.dylib
0x000000000ba37000 	/usr/lib/system/libsystem_sandbox.dylib
0x000000000ba37000 	/usr/lib/system/libsystem_secinit.dylib
0x000000000ba37000 	/usr/lib/system/libsystem_stats.dylib
0x000000000ba37000 	/usr/lib/system/libsystem_trace.dylib
0x000000000ba37000 	/usr/lib/system/libunc.dylib
0x000000000ba37000 	/usr/lib/system/libunwind.dylib
0x000000000ba37000 	/usr/lib/system/libxpc.dylib
0x000000000ba37000 	/usr/lib/libbz2.1.0.dylib
0x000000000ba37000 	/usr/lib/liblzma.5.dylib
0x000000000ba37000 	/usr/lib/libbsm.0.dylib
0x000000000ba37000 	/usr/lib/libsqlite3.dylib
0x000000000ba37000 	/usr/lib/system/libkxld.dylib
0x000000000ba37000 	/usr/lib/libxar.1.dylib
0x000000000ba37000 	/usr/lib/libpam.2.dylib
0x000000000ba37000 	/usr/lib/libOpenScriptingUtil.dylib
0x000000000ba37000 	/System/Library/Frameworks/CoreServices.framework/Versions/A/Frameworks/FSEvents.framework/Versions/A/FSEvents
0x000000000ba37000 	/System/Library/Frameworks/CoreServices.framework/Versions/A/Frameworks/CarbonCore.framework/Versions/A/CarbonCore
0x000000000ba37000 	/System/Library/Frameworks/CoreServices.framework/Versions/A/Frameworks/Metadata.framework/Versions/A/Metadata
0x000000000ba37000 	/System/Library/Frameworks/CoreServices.framework/Versions/A/Frameworks/OSServices.framework/Versions/A/OSServices
0x000000000ba37000 	/System/Library/Frameworks/CoreServices.framework/Versions/A/Frameworks/SearchKit.framework/Versions/A/SearchKit
0x000000000ba37000 	/System/Library/Frameworks/CoreServices.framework/Versions/A/Frameworks/AE.framework/Versions/A/AE
0x000000000ba37000 	/System/Library/Frameworks/CoreServices.framework/Versions/A/Frameworks/LaunchServices.framework/Versions/A/LaunchServices
0x000000000ba37000 	/System/Library/Frameworks/CoreServices.framework/Versions/A/Frameworks/DictionaryServices.framework/Versions/A/DictionaryServices
0x000000000ba37000 	/System/Library/Frameworks/NetFS.framework/Versions/A/NetFS
0x000000000ba37000 	/System/Library/PrivateFrameworks/NetAuth.framework/Versions/A/NetAuth
0x000000000ba37000 	/System/Library/PrivateFrameworks/login.framework/Versions/A/Frameworks/loginsupport.framework/Versions/A/loginsupport
0x000000000ba37000 	/System/Library/PrivateFrameworks/TCC.framework/Versions/A/TCC
0x000000000ba37000 	/usr/lib/libmecabra.dylib
0x000000000ba37000 	/System/Library/Frameworks/ApplicationServices.framework/Versions/A/Frameworks/ATS.framework/Versions/A/ATS
0x000000000ba37000 	/System/Library/Frameworks/ApplicationServices.framework/Versions/A/Frameworks/ColorSync.framework/Versions/A/ColorSync
0x000000000ba37000 	/System/Library/Frameworks/ApplicationServices.framework/Versions/A/Frameworks/HIServices.framework/Versions/A/HIServices
0x000000000ba37000 	/System/Library/Frameworks/ApplicationServices.framework/Versions/A/Frameworks/LangAnalysis.framework/Versions/A/LangAnalysis
0x000000000ba37000 	/System/Library/Frameworks/ApplicationServices.framework/Versions/A/Frameworks/PrintCore.framework/Versions/A/PrintCore
0x000000000ba37000 	/System/Library/Frameworks/ApplicationServices.framework/Versions/A/Frameworks/QD.framework/Versions/A/QD
0x000000000ba37000 	/System/Library/Frameworks/ApplicationServices.framework/Versions/A/Frameworks/SpeechSynthesis.framework/Versions/A/SpeechSynthesis
0x000000000ba37000 	/System/Library/Frameworks/Accelerate.framework/Versions/A/Accelerate
0x000000000ba37000 	/System/Library/Frameworks/Accelerate.framework/Versions/A/Frameworks/vImage.framework/Versions/A/vImage
0x000000000ba37000 	/System/Library/Frameworks/Accelerate.framework/Versions/A/Frameworks/vecLib.framework/Versions/A/vecLib
0x000000000ba37000 	/System/Library/Frameworks/Accelerate.framework/Versions/A/Frameworks/vecLib.framework/Versions/A/libvDSP.dylib
0x000000000ba37000 	/System/Library/Frameworks/Accelerate.framework/Versions/A/Frameworks/vecLib.framework/Versions/A/libvMisc.dylib
0x000000000ba37000 	/System/Library/Frameworks/Accelerate.framework/Versions/A/Frameworks/vecLib.framework/Versions/A/libLAPACK.dylib
0x000000000ba37000 	/System/Library/Frameworks/Accelerate.framework/Versions/A/Frameworks/vecLib.framework/Versions/A/libBLAS.dylib
0x000000000ba37000 	/System/Library/Frameworks/Accelerate.framework/Versions/A/Frameworks/vecLib.framework/Versions/A/libLinearAlgebra.dylib
0x000000000ba37000 	/System/Library/Frameworks/ApplicationServices.framework/Versions/A/Frameworks/ATS.framework/Versions/A/Resources/libFontParser.dylib
0x000000000ba37000 	/System/Library/Frameworks/ApplicationServices.framework/Versions/A/Frameworks/ATS.framework/Versions/A/Resources/libFontRegistry.dylib
0x000000000ba37000 	/System/Library/PrivateFrameworks/AppleVPA.framework/Versions/A/AppleVPA
0x000000000ba37000 	/System/Library/PrivateFrameworks/AppleJPEG.framework/Versions/A/AppleJPEG
0x000000000ba37000 	/System/Library/Frameworks/ImageIO.framework/Versions/A/Resources/libJPEG.dylib
0x000000000ba37000 	/System/Library/Frameworks/ImageIO.framework/Versions/A/Resources/libTIFF.dylib
0x000000000ba37000 	/System/Library/Frameworks/ImageIO.framework/Versions/A/Resources/libPng.dylib
0x000000000ba37000 	/System/Library/Frameworks/ImageIO.framework/Versions/A/Resources/libGIF.dylib
0x000000000ba37000 	/System/Library/Frameworks/ImageIO.framework/Versions/A/Resources/libJP2.dylib
0x000000000ba37000 	/System/Library/Frameworks/ImageIO.framework/Versions/A/Resources/libRadiance.dylib
0x000000000ba37000 	/System/Library/Frameworks/CoreVideo.framework/Versions/A/CoreVideo
0x000000000ba37000 	/System/Library/Frameworks/OpenGL.framework/Versions/A/Libraries/libGLU.dylib
0x000000000ba37000 	/System/Library/Frameworks/OpenGL.framework/Versions/A/Libraries/libGFXShared.dylib
0x000000000ba37000 	/System/Library/Frameworks/OpenGL.framework/Versions/A/Libraries/libGL.dylib
0x000000000ba37000 	/System/Library/Frameworks/OpenGL.framework/Versions/A/Libraries/libGLImage.dylib
0x000000000ba37000 	/System/Library/Frameworks/OpenGL.framework/Versions/A/Libraries/libCVMSPluginSupport.dylib
0x000000000ba37000 	/System/Library/Frameworks/OpenGL.framework/Versions/A/Libraries/libCoreVMClient.dylib
0x000000000ba37000 	/usr/lib/libcups.2.dylib
0x000000000ba37000 	/System/Library/Frameworks/Kerberos.framework/Versions/A/Kerberos
0x000000000ba37000 	/System/Library/Frameworks/GSS.framework/Versions/A/GSS
0x000000000ba37000 	/usr/lib/libresolv.9.dylib
0x000000000ba37000 	/usr/lib/libiconv.2.dylib
0x000000000ba37000 	/System/Library/PrivateFrameworks/Heimdal.framework/Versions/A/Heimdal
0x000000000ba37000 	/usr/lib/libheimdal-asn1.dylib
0x000000000ba37000 	/System/Library/Frameworks/OpenDirectory.framework/Versions/A/OpenDirectory
0x000000000ba37000 	/System/Library/PrivateFrameworks/CommonAuth.framework/Versions/A/CommonAuth
0x000000000ba37000 	/System/Library/Frameworks/OpenDirectory.framework/Versions/A/Frameworks/CFOpenDirectory.framework/Versions/A/CFOpenDirectory
0x000000000ba37000 	/System/Library/Frameworks/SecurityFoundation.framework/Versions/A/SecurityFoundation
0x000000000ba37000 	/System/Library/PrivateFrameworks/LanguageModeling.framework/Versions/A/LanguageModeling
0x000000000ba37000 	/usr/lib/libcmph.dylib
0x000000000ba37000 	/System/Library/Frameworks/ServiceManagement.framework/Versions/A/ServiceManagement
0x000000000ba37000 	/usr/lib/libxslt.1.dylib
0x000000000ba37000 	/System/Library/Frameworks/Carbon.framework/Versions/A/Frameworks/Ink.framework/Versions/A/Ink
0x000000000ba37000 	/System/Library/Frameworks/QuartzCore.framework/Versions/A/Frameworks/CoreImage.framework/Versions/A/CoreImage
0x000000000ba37000 	/System/Library/PrivateFrameworks/CrashReporterSupport.framework/Versions/A/CrashReporterSupport
0x000000000ba37000 	/System/Library/Frameworks/OpenCL.framework/Versions/A/OpenCL
0x000000000ba37000 	/System/Library/PrivateFrameworks/FaceCore.framework/Versions/A/FaceCore
0x000000000ba37000 	/System/Library/PrivateFrameworks/Ubiquity.framework/Versions/A/Ubiquity
0x000000000ba37000 	/System/Library/PrivateFrameworks/IconServices.framework/Versions/A/IconServices
0x000000000ba37000 	/System/Library/PrivateFrameworks/ChunkingLibrary.framework/Versions/A/ChunkingLibrary
0x000000000ba37000 	/System/Library/PrivateFrameworks/Apple80211.framework/Versions/A/Apple80211
0x000000000ba37000 	/System/Library/Frameworks/CoreWLAN.framework/Versions/A/CoreWLAN
0x000000000ba37000 	/System/Library/Frameworks/IOBluetooth.framework/Versions/A/IOBluetooth
0x000000000ba37000 	/System/Library/PrivateFrameworks/CoreWiFi.framework/Versions/A/CoreWiFi
0x000000000ba37000 	/System/Library/Frameworks/CoreBluetooth.framework/Versions/A/CoreBluetooth
0x000000000ba37000 	/System/Library/PrivateFrameworks/DebugSymbols.framework/Versions/A/DebugSymbols
0x000000000ba37000 	/System/Library/PrivateFrameworks/CoreSymbolication.framework/Versions/A/CoreSymbolication
0x000000000ba37000 	/System/Library/PrivateFrameworks/Symbolication.framework/Versions/A/Symbolication
0x000000000ba37000 	/System/Library/PrivateFrameworks/SpeechRecognitionCore.framework/Versions/A/SpeechRecognitionCore
0x0000000105c00000 	/Library/Java/JavaVirtualMachines/jdk1.8.0_25.jdk/Contents/Home/jre/lib/server/libjvm.dylib
0x000000000ba37000 	/usr/lib/libstdc++.6.dylib
0x0000000104b41000 	/Library/Java/JavaVirtualMachines/jdk1.8.0_25.jdk/Contents/Home/jre/lib/libverify.dylib
0x0000000104b4f000 	/Library/Java/JavaVirtualMachines/jdk1.8.0_25.jdk/Contents/Home/jre/lib/libjava.dylib
0x0000000104b8d000 	/Library/Java/JavaVirtualMachines/jdk1.8.0_25.jdk/Contents/Home/jre/lib/libzip.dylib
0x000000012269f000 	/System/Library/Frameworks/JavaVM.framework/Frameworks/JavaRuntimeSupport.framework/JavaRuntimeSupport
0x0000000104be7000 	/System/Library/Frameworks/JavaVM.framework/Versions/A/Frameworks/JavaNativeFoundation.framework/Versions/A/JavaNativeFoundation
0x00000001226ba000 	/System/Library/Frameworks/JavaVM.framework/Versions/A/JavaVM
0x000000000ba37000 	/System/Library/Frameworks/Carbon.framework/Versions/A/Carbon
0x00000001226c7000 	/System/Library/PrivateFrameworks/JavaLaunching.framework/Versions/A/JavaLaunching
0x000000000ba37000 	/System/Library/Frameworks/Carbon.framework/Versions/A/Frameworks/CommonPanels.framework/Versions/A/CommonPanels
0x000000000ba37000 	/System/Library/Frameworks/Carbon.framework/Versions/A/Frameworks/Help.framework/Versions/A/Help
0x000000000ba37000 	/System/Library/Frameworks/Carbon.framework/Versions/A/Frameworks/ImageCapture.framework/Versions/A/ImageCapture
0x000000000ba37000 	/System/Library/Frameworks/Carbon.framework/Versions/A/Frameworks/OpenScripting.framework/Versions/A/OpenScripting
0x000000000ba37000 	/System/Library/Frameworks/Carbon.framework/Versions/A/Frameworks/Print.framework/Versions/A/Print
0x000000000ba37000 	/System/Library/Frameworks/Carbon.framework/Versions/A/Frameworks/SecurityHI.framework/Versions/A/SecurityHI
0x00000001245bd000 	/Library/Java/JavaVirtualMachines/jdk1.8.0_25.jdk/Contents/Home/jre/lib/libmanagement.dylib
0x00000001245ca000 	/Library/Java/JavaVirtualMachines/jdk1.8.0_25.jdk/Contents/Home/jre/lib/libnet.dylib
0x0000000124629000 	/Library/Java/JavaVirtualMachines/jdk1.8.0_25.jdk/Contents/Home/jre/lib/libnio.dylib
0x0000000124cd5000 	/private/var/folders/3c/_8pm9nrn1rn9ftmkmtnqg9mh0000gn/T/jna--1882233146/jna7501224313896021049.tmp
0x0000000124d58000 	/usr/lib/libpcap.dylib

VM Arguments:
jvm_args: -Dcom.sun.management.jmxremote -Dcom.sun.management.jmxremote.port=13363 -Dcom.sun.management.jmxremote.authenticate=false -Dcom.sun.management.jmxremote.ssl=false -Dspring.liveBeansView.mbeanDomain -Dspring.application.admin.enabled=true -Djava.security.egd=file:/dev/./urandom -Dfile.encoding=UTF-8 
java_command: com.houseguard.HouseGuardApplication
java_class_path (initial): /Users/ja43705/Development/houseGuard/houseGuard/target/classes:/Users/ja43705/.m2/repository/org/springframework/boot/spring-boot-starter-mail/1.3.1.RELEASE/spring-boot-starter-mail-1.3.1.RELEASE.jar:/Users/ja43705/.m2/repository/org/springframework/boot/spring-boot-starter/1.3.1.RELEASE/spring-boot-starter-1.3.1.RELEASE.jar:/Users/ja43705/.m2/repository/org/springframework/boot/spring-boot/1.3.1.RELEASE/spring-boot-1.3.1.RELEASE.jar:/Users/ja43705/.m2/repository/org/springframework/boot/spring-boot-autoconfigure/1.3.1.RELEASE/spring-boot-autoconfigure-1.3.1.RELEASE.jar:/Users/ja43705/.m2/repository/org/springframework/boot/spring-boot-starter-logging/1.3.1.RELEASE/spring-boot-starter-logging-1.3.1.RELEASE.jar:/Users/ja43705/.m2/repository/ch/qos/logback/logback-classic/1.1.3/logback-classic-1.1.3.jar:/Users/ja43705/.m2/repository/ch/qos/logback/logback-core/1.1.3/logback-core-1.1.3.jar:/Users/ja43705/.m2/repository/org/slf4j/jcl-over-slf4j/1.7.13/jcl-over-slf4j-1.7.13.jar:/Users/ja43705/.m2/repository/org/slf4j/jul-to-slf4j/1.7.13/jul-to-slf4j-1.7.13.jar:/Users/ja43705/.m2/repository/org/slf4j/log4j-over-slf4j/1.7.13/log4j-over-slf4j-1.7.13.jar:/Users/ja43705/.m2/repository/org/yaml/snakeyaml/1.16/snakeyaml-1.16.jar:/Users/ja43705/.m2/repository/org/springframework/spring-context/4.2.4.RELEASE/spring-context-4.2.4.RELEASE.jar:/Users/ja43705/.m2/repository/org/springframework/spring-aop/4.2.4.RELEASE/spring-aop-4.2.4.RELEASE.jar:/Users/ja43705/.m2/repository/aopalliance/aopalliance/1.0/aopalliance-1.0.jar:/Users/ja43705/.m2/repository/org/springframework/spring-beans/4.2.4.RELEASE/spring-beans-4.2.4.RELEASE.jar:/Users/ja43705/.m2/repository/org/springframework/spring-expression/4.2.4.RELEASE/spring-expression-4.2.4.RELEASE.jar:/Users/ja43705/.m2/repository/org/springframework/spring-context-support/4.2.4.RELEASE/spring-context-support-4.2.4.RELEASE.jar:/Users/ja43705/.m2/repository/com/sun/mail/javax.mail/1.5.4/javax.mail-1.5.4.jar:/Use
Launcher Type: SUN_STANDARD

Environment Variables:
PATH=/usr/bin:/bin:/usr/sbin:/sbin
SHELL=/bin/bash
DISPLAY=/private/tmp/com.apple.launchd.cxAwocteOu/org.macosforge.xquartz:0

Signal Handlers:
SIGSEGV: [libjvm.dylib+0x579dc7], sa_mask[0]=11111111011111110111111111111111, sa_flags=SA_ONSTACK|SA_RESTART|SA_SIGINFO
SIGBUS: [libjvm.dylib+0x579dc7], sa_mask[0]=11111111011111110111111111111111, sa_flags=SA_RESTART|SA_SIGINFO
SIGFPE: [libjvm.dylib+0x45b030], sa_mask[0]=11111111011111110111111111111111, sa_flags=SA_RESTART|SA_SIGINFO
SIGPIPE: [libjvm.dylib+0x45b030], sa_mask[0]=11111111011111110111111111111111, sa_flags=SA_RESTART|SA_SIGINFO
SIGXFSZ: [libjvm.dylib+0x45b030], sa_mask[0]=11111111011111110111111111111111, sa_flags=SA_RESTART|SA_SIGINFO
SIGILL: [libjvm.dylib+0x45b030], sa_mask[0]=11111111011111110111111111111111, sa_flags=SA_RESTART|SA_SIGINFO
SIGUSR1: SIG_DFL, sa_mask[0]=00000000000000000000000000000000, sa_flags=none
SIGUSR2: [libjvm.dylib+0x45ab4e], sa_mask[0]=00100000000000000000000000000000, sa_flags=SA_RESTART|SA_SIGINFO
SIGHUP: [libjvm.dylib+0x459121], sa_mask[0]=11111111011111110111111111111111, sa_flags=SA_RESTART|SA_SIGINFO
SIGINT: [libjvm.dylib+0x459121], sa_mask[0]=11111111011111110111111111111111, sa_flags=SA_RESTART|SA_SIGINFO
SIGTERM: [libjvm.dylib+0x459121], sa_mask[0]=11111111011111110111111111111111, sa_flags=SA_RESTART|SA_SIGINFO
SIGQUIT: [libjvm.dylib+0x459121], sa_mask[0]=11111111011111110111111111111111, sa_flags=SA_RESTART|SA_SIGINFO


---------------  S Y S T E M  ---------------

OS:Bsduname:Darwin 14.5.0 Darwin Kernel Version 14.5.0: Tue Sep  1 21:23:09 PDT 2015; root:xnu-2782.50.1~1/RELEASE_X86_64 x86_64
rlimit: STACK 8192k, CORE 0k, NPROC 709, NOFILE 10240, AS infinity
load average:1.67 1.94 1.86

CPU:total 8 (4 cores per cpu, 2 threads per core) family 6 model 70 stepping 1, cmov, cx8, fxsr, mmx, sse, sse2, sse3, ssse3, sse4.1, sse4.2, popcnt, avx, avx2, aes, clmul, erms, rtm, lzcnt, ht, tsc, tscinvbit, bmi1, bmi2

Memory: 4k page, physical 16777216k(2306620k free)

/proc/meminfo:


vm_info: Java HotSpot(TM) 64-Bit Server VM (25.25-b02) for bsd-amd64 JRE (1.8.0_25-b17), built on Sep 17 2014 16:56:50 by "java_re" with gcc 4.2.1 (Based on Apple Inc. build 5658) (LLVM build 2336.11.00)

time: Sat Dec 26 13:41:27 2015
elapsed time: 11 seconds (0d 0h 0m 11s)

